[INFO]:  Input subsystem initialized.
[DEBUG]: Window resize: 1920, 1080
[WARN]:  Renderer backend does not exist to accept resize: 1920 1080
[DEBUG]: Required extensions:
[DEBUG]: VK_KHR_surface
[DEBUG]: VK_KHR_win32_surface
[DEBUG]: VK_EXT_debug_utils
[INFO]:  Validation layers enabled. Enumerating...
[INFO]:  Searching for layer: VK_LAYER_KHRONOS_validation...
[INFO]:  Found layer.
[INFO]:  All required validation layers are present.
[INFO]:  Vulkan Instance created.
[DEBUG]: Creating vulkan debugger...
[DEBUG]: Vulkan debugger created.
[DEBUG]: Creating Vulkan surface...
[DEBUG]: Vulkan Surface created.
[INFO]:  Graphics | Present | Compute | Transfer | Name
[INFO]:         1 |        1 |        1 |        1 | NVIDIA GeForce GTX 1660 SUPER
[INFO]:  Device meets queue reqiurements.
[TRACE]: Graphics Family Index: 0
[TRACE]: Present Family Index: 2
[TRACE]: Transfer Family Index: 1
[TRACE]: Compute Family Index: 2
[INFO]:  Selected device: 'NVIDIA GeForce GTX 1660 SUPER'.
[INFO]:  GPU Type is DISCRETE.
[INFO]:  GPU Driver version: 516.236.0
[INFO]:  Vulkan API version: 1.3.205
[INFO]:  Local GPU memory, Heap: 0: 5.85 GiB
[INFO]:  Local GPU memory, Heap: 1: 5.85 GiB
[INFO]:  Local GPU memory, Heap: 2: 5.85 GiB
[INFO]:  Physical device selected.
[INFO]:  Creating logical device...
[INFO]:  Loading layer library C:\VulkanSDK\1.3.216.0\Bin\.\VkLayer_khronos_validation.dll
[INFO]:  Inserted device layer VK_LAYER_KHRONOS_validation (C:\VulkanSDK\1.3.216.0\Bin\.\VkLayer_khronos_validation.dll)
[INFO]:  Loading layer library C:\ProgramData\obs-studio-hook\.\graphics-hook64.dll
[INFO]:  Inserted device layer VK_LAYER_OBS_HOOK (C:\ProgramData\obs-studio-hook\.\graphics-hook64.dll)
[INFO]:  Loading layer library C:\WINDOWS\System32\DriverStore\FileRepository\nvmdig.inf_amd64_4a922d3e93437ff6\.\nvoglv64.dll
[INFO]:  Inserted device layer VK_LAYER_NV_optimus (C:\WINDOWS\System32\DriverStore\FileRepository\nvmdig.inf_amd64_4a922d3e93437ff6\.\nvoglv64.dll)
[INFO]:  Logical device created.
[INFO]:  Queues obtained.
[INFO]:  Graphics command pool created.
[INFO]:  Swapchain created successfully.
[DEBUG]: Vulkan command buffers created.
[DEBUG]: Graphics pipeline created!
[INFO]:  Vulkan renderer initialized successfully.
[DEBUG]: game_initialize() called.
[INFO]:  System memory use (tagged):
  UNKNOWN     : 0.00B
  ARRAY       : 0.00B
  LINEAR_ALLC : 0.00B
  DARRAY      : 5.23KiB
  DICT        : 0.00B
  RING_QUEUE  : 0.00B
  BST         : 0.00B
  STRING      : 2.05KiB
  APPLICATION : 0.00B
  JOB         : 0.00B
  TEXTURE     : 0.00B
  MAT_INST    : 0.00B
  RENDERER    : 152.00B
  GAME        : 0.00B
  TRANSFORM   : 0.00B
  ENTITY      : 0.00B
  ENTITY_NODE : 0.00B
  SCENE       : 0.00B

[DEBUG]: 'D' key pressed in window.
[DEBUG]: 'A' key pressed in window.
[DEBUG]: 'A' key pressed in window.
[DEBUG]: 'S' key pressed in window.
[DEBUG]: 'D' key pressed in window.
[DEBUG]: 'A' key pressed in window.
[DEBUG]: 'S' key pressed in window.
[DEBUG]: 'A' key pressed in window.
[DEBUG]: 'S' key pressed in window.
[DEBUG]: 'A' key pressed in window.
[DEBUG]: 'D' key pressed in window.
[DEBUG]: 'A' key pressed in window.
[DEBUG]: 'W' key pressed in window.
[DEBUG]: 'Q' key pressed in window.
[DEBUG]: 'E' key pressed in window.
[DEBUG]: 'S' key pressed in window.
[DEBUG]: 'Q' key pressed in window.
[DEBUG]: 'W' key pressed in window.
[DEBUG]: 'Q' key pressed in window.
[DEBUG]: 'Q' key pressed in window.
[DEBUG]: 'A' key pressed in window.
[DEBUG]: 'W' key pressed in window.
[DEBUG]: 'D' key pressed in window.
[DEBUG]: 'W' key pressed in window.
[DEBUG]: 'W' key pressed in window.
[DEBUG]: 'A' key pressed in window.
[DEBUG]: 'W' key pressed in window.
[DEBUG]: 'D' key pressed in window.
[DEBUG]: 'W' key pressed in window.
[DEBUG]: 'D' key pressed in window.
[DEBUG]: 'W' key pressed in window.
[DEBUG]: 'A' key pressed in window.
[DEBUG]: 'S' key pressed in window.
[INFO]:  EVENT_CODE_APPLICATION_QUIT Received. shutting down.

[DEBUG]: Destroying Vulkan device...
[INFO]:  Destroying command pools...
[INFO]:  Destroying logical device...
[INFO]:  Unloading layer library C:\WINDOWS\System32\DriverStore\FileRepository\nvmdig.inf_amd64_4a922d3e93437ff6\.\nvoglv64.dll
[INFO]:  Unloading layer library C:\ProgramData\obs-studio-hook\.\graphics-hook64.dll
[INFO]:  Unloading layer library C:\VulkanSDK\1.3.216.0\Bin\.\VkLayer_khronos_validation.dll
[INFO]:  Releasing physical device resources...
[DEBUG]: Destroying Vulkan surface...
[DEBUG]: Destroying Vuklan debugger...
[DEBUG]: Destroying Vulkan instance...
